24007
1 15
1 16
1 17
1 19
1 20
1 20
1 20
1 20
1 22
1 23
1 23
1 24
1 24
1 25
1 26
1 26
1 27
1 27
1 28
1 29
1 29
1 30
1 30
1 31
1 31
1 32
1 33
1 34
1 35
1 35
1 36
1 38
1 38
1 38
1 40
1 40
1 40
1 41
1 42
1 43
1 43
1 43
1 44
1 45
1 45
1 49
1 50
1 50
1 51
1 52
1 53
1 55
1 55
1 58
1 58
1 60
1 61
1 61
1 61
1 62
1 63
1 63
1 64
1 64
1 65
1 67
1 68
1 69
1 69
1 69
1 70
1 72
1 76
1 77
1 82
1 83
1 86
1 87
1 88
1 88
1 93
1 94
1 94
1 96
1 99
1 100
2 28
2 29
2 30
2 31
2 33
2 33
2 34
2 36
2 37
2 38
2 38
2 40
2 40
2 41
2 41
2 42
2 42
2 46
2 46
2 49
2 49
2 49
2 51
2 52
2 52
2 54
2 54
2 54
2 57
2 57
2 58
2 61
2 62
2 62
2 62
2 63
2 64
2 66
2 69
2 69
2 72
2 75
2 76
2 77
2 77
2 78
2 81
2 83
2 83
2 83
2 84
2 84
2 84
2 84
2 84
2 85
2 85
2 86
2 86
2 87
2 87
2 89
2 89
2 90
2 90
2 90
2 91
2 92
2 92
2 94
2 95
2 95
2 96
2 96
2 96
2 97
2 100
3 41
3 42
3 44
3 45
3 46
3 49
3 51
3 55
3 55
3 56
3 59
3 60
3 62
3 62
3 63
3 63
3 63
3 64
3 64
3 65
3 65
3 65
3 66
3 67
3 68
3 69
3 69
3 70
3 70
3 71
3 71
3 73
3 75
3 75
3 75
3 77
3 77
3 77
3 79
3 79
3 80
3 81
3 82
3 82
3 82
3 84
3 85
3 85
3 86
3 87
3 87
3 88
3 88
3 89
3 89
3 89
3 92
3 92
3 94
3 94
3 94
3 94
3 96
3 98
3 100
4 54
4 55
4 56
4 57
4 57
4 58
4 59
4 60
4 61
4 63
4 65
4 65
4 66
4 66
4 72
4 72
4 74
4 74
4 75
4 75
4 75
4 78
4 78
4 79
4 79
4 79
4 81
4 84
4 85
4 85
4 86
4 90
4 90
4 91
4 92
4 92
4 92
4 92
4 92
4 92
4 93
4 93
4 94
4 95
4 95
4 96
4 97
4 98
4 98
4 98
4 98
4 98
4 100
5 67
5 67
5 67
5 68
5 68
5 71
5 72
5 72
5 72
5 74
5 75
5 75
5 76
5 77
5 77
5 77
5 78
5 80
5 80
5 83
5 83
5 85
5 85
5 86
5 87
5 88
5 88
5 89
5 89
5 90
5 91
5 91
5 91
5 91
5 93
5 94
5 95
5 97
5 98
5 99
5 99
5 100
6 81
6 81
6 82
6 83
6 84
6 87
6 88
6 89
6 89
6 91
6 92
6 93
6 94
6 95
6 96
6 97
6 98
6 99
7 95
7 97
7 98
7 98
7 100
